<?xml version="1.0" encoding="UTF-8"?>
<!-- Generated by org.testng.reporters.JUnitReportReporter -->
<testsuite hostname="DESKTOP-TF1SQBP" failures="0" tests="1" name="com.ActitimePro.generic.BaseTest" time="7.066" errors="0" timestamp="2022-06-01T14:16:31 IST" skipped="0">
  <testcase classname="com.ActitimePro.generic.BaseTest" name="tc1" time="7.066"/>
  <system-out/>
</testsuite> <!-- com.ActitimePro.generic.BaseTest -->
